[2025-07-21 00:56:50] Request: ::1 POST /users 404 - 63.370 ms Mozilla/5.0 (Macintosh; Intel Mac OS X 10_15_7) AppleWebKit/605.1.15 (KHTML, like Gecko) Version/18.5 Safari/605.1.15
[2025-07-21 00:58:20] Request: ::1 POST /users 404 - 68.769 ms Mozilla/5.0 (Macintosh; Intel Mac OS X 10_15_7) AppleWebKit/605.1.15 (KHTML, like Gecko) Version/18.5 Safari/605.1.15
[2025-07-21 00:59:43] Request: ::1 POST /users 404 - 71.888 ms Mozilla/5.0 (Macintosh; Intel Mac OS X 10_15_7) AppleWebKit/605.1.15 (KHTML, like Gecko) Version/18.5 Safari/605.1.15
[2025-07-21 01:00:35] Request: ::1 POST /users 409 - 88.444 ms Mozilla/5.0 (Macintosh; Intel Mac OS X 10_15_7) AppleWebKit/605.1.15 (KHTML, like Gecko) Version/18.5 Safari/605.1.15
[2025-07-21 01:07:14] Request: ::1 POST /users 409 - 69.736 ms Mozilla/5.0 (Macintosh; Intel Mac OS X 10_15_7) AppleWebKit/605.1.15 (KHTML, like Gecko) Version/18.5 Safari/605.1.15
[2025-07-21 01:07:23] Request: ::1 POST /users 409 - 74.682 ms Mozilla/5.0 (Macintosh; Intel Mac OS X 10_15_7) AppleWebKit/605.1.15 (KHTML, like Gecko) Version/18.5 Safari/605.1.15
[2025-07-21 01:08:47] Request: ::1 POST /users 409 - 74.027 ms Mozilla/5.0 (Macintosh; Intel Mac OS X 10_15_7) AppleWebKit/605.1.15 (KHTML, like Gecko) Version/18.5 Safari/605.1.15
[2025-07-21 01:09:48] Request: ::1 POST /users 409 - 78.033 ms Mozilla/5.0 (Macintosh; Intel Mac OS X 10_15_7) AppleWebKit/605.1.15 (KHTML, like Gecko) Version/18.5 Safari/605.1.15
[2025-07-21 01:11:34] Request: ::1 POST /users 409 - 75.660 ms Mozilla/5.0 (Macintosh; Intel Mac OS X 10_15_7) AppleWebKit/605.1.15 (KHTML, like Gecko) Version/18.5 Safari/605.1.15
[2025-07-21 01:13:05] Request: ::1 POST /users 409 - 76.780 ms Mozilla/5.0 (Macintosh; Intel Mac OS X 10_15_7) AppleWebKit/605.1.15 (KHTML, like Gecko) Version/18.5 Safari/605.1.15
[2025-07-21 01:22:47] Request: ::1 POST /users 409 - 73.888 ms Mozilla/5.0 (Macintosh; Intel Mac OS X 10_15_7) AppleWebKit/605.1.15 (KHTML, like Gecko) Version/18.5 Safari/605.1.15
[2025-07-21 01:25:13] Request: ::1 POST /coupons 404 - 5.077 ms Mozilla/5.0 (Macintosh; Intel Mac OS X 10_15_7) AppleWebKit/605.1.15 (KHTML, like Gecko) Version/18.5 Safari/605.1.15
[2025-07-21 01:27:40] Request: ::1 POST /coupons 404 - 10.245 ms Mozilla/5.0 (Macintosh; Intel Mac OS X 10_15_7) AppleWebKit/605.1.15 (KHTML, like Gecko) Version/18.5 Safari/605.1.15
[2025-07-21 01:28:17] Request: ::1 POST /users 409 - 75.439 ms Mozilla/5.0 (Macintosh; Intel Mac OS X 10_15_7) AppleWebKit/605.1.15 (KHTML, like Gecko) Version/18.5 Safari/605.1.15
[2025-07-21 01:29:18] Request: ::1 POST /users 409 - 76.719 ms Mozilla/5.0 (Macintosh; Intel Mac OS X 10_15_7) AppleWebKit/605.1.15 (KHTML, like Gecko) Version/18.5 Safari/605.1.15
[2025-07-21 01:34:29] Request: ::1 POST /users 409 - 77.792 ms Mozilla/5.0 (Macintosh; Intel Mac OS X 10_15_7) AppleWebKit/605.1.15 (KHTML, like Gecko) Version/18.5 Safari/605.1.15
[2025-07-21 01:34:32] Request: ::1 POST /users 409 - 76.114 ms Mozilla/5.0 (Macintosh; Intel Mac OS X 10_15_7) AppleWebKit/605.1.15 (KHTML, like Gecko) Version/18.5 Safari/605.1.15
[2025-07-21 01:34:41] Request: ::1 POST /users 409 - 64.614 ms Mozilla/5.0 (Macintosh; Intel Mac OS X 10_15_7) AppleWebKit/605.1.15 (KHTML, like Gecko) Version/18.5 Safari/605.1.15
[2025-07-21 01:41:37] Request: ::1 POST /auth/login 400 - 82.388 ms Mozilla/5.0 (Macintosh; Intel Mac OS X 10_15_7) AppleWebKit/605.1.15 (KHTML, like Gecko) Version/18.5 Safari/605.1.15
[2025-07-21 02:04:26] Request: ::1 GET /coupons 500 - 0.905 ms Mozilla/5.0 (Macintosh; Intel Mac OS X 10_15_7) AppleWebKit/605.1.15 (KHTML, like Gecko) Version/18.5 Safari/605.1.15
[2025-07-21 02:04:48] Request: ::1 GET /users/my-users 500 - 1.288 ms Mozilla/5.0 (Macintosh; Intel Mac OS X 10_15_7) AppleWebKit/605.1.15 (KHTML, like Gecko) Version/18.5 Safari/605.1.15
[2025-07-21 02:04:58] Request: ::1 GET /users/my-users 500 - 2.443 ms Mozilla/5.0 (Macintosh; Intel Mac OS X 10_15_7) AppleWebKit/605.1.15 (KHTML, like Gecko) Version/18.5 Safari/605.1.15
[2025-07-21 02:04:58] Request: ::1 GET /users/my-users 500 - 3.248 ms Mozilla/5.0 (Macintosh; Intel Mac OS X 10_15_7) AppleWebKit/605.1.15 (KHTML, like Gecko) Version/18.5 Safari/605.1.15
[2025-07-21 02:05:05] Request: ::1 GET /coupons 500 - 0.619 ms Mozilla/5.0 (Macintosh; Intel Mac OS X 10_15_7) AppleWebKit/605.1.15 (KHTML, like Gecko) Version/18.5 Safari/605.1.15
[2025-07-21 02:05:05] Request: ::1 GET /coupons 500 - 1.016 ms Mozilla/5.0 (Macintosh; Intel Mac OS X 10_15_7) AppleWebKit/605.1.15 (KHTML, like Gecko) Version/18.5 Safari/605.1.15
[2025-07-21 02:05:17] Request: ::1 GET /coupons 500 - 1.017 ms Mozilla/5.0 (Macintosh; Intel Mac OS X 10_15_7) AppleWebKit/605.1.15 (KHTML, like Gecko) Version/18.5 Safari/605.1.15
[2025-07-21 02:07:36] Request: ::1 POST /coupons 500 - 10.318 ms Mozilla/5.0 (Macintosh; Intel Mac OS X 10_15_7) AppleWebKit/605.1.15 (KHTML, like Gecko) Version/18.5 Safari/605.1.15
[2025-07-21 02:07:36] Request: ::1 GET /coupons 500 - 1.707 ms Mozilla/5.0 (Macintosh; Intel Mac OS X 10_15_7) AppleWebKit/605.1.15 (KHTML, like Gecko) Version/18.5 Safari/605.1.15
[2025-07-21 02:13:10] Request: ::1 DELETE /coupons/6834c801d37bb8d5217e87bf 500 - 1.235 ms Mozilla/5.0 (Macintosh; Intel Mac OS X 10_15_7) AppleWebKit/605.1.15 (KHTML, like Gecko) Version/18.5 Safari/605.1.15
[2025-07-21 02:13:16] Request: ::1 DELETE /coupons/6834c801d37bb8d5217e87bf 500 - 0.594 ms Mozilla/5.0 (Macintosh; Intel Mac OS X 10_15_7) AppleWebKit/605.1.15 (KHTML, like Gecko) Version/18.5 Safari/605.1.15
[2025-07-21 02:13:38] Request: ::1 GET /users/my-users 500 - 1.075 ms Mozilla/5.0 (Macintosh; Intel Mac OS X 10_15_7) AppleWebKit/605.1.15 (KHTML, like Gecko) Version/18.5 Safari/605.1.15
[2025-07-21 02:20:38] Request: ::1 POST /coupons/share/6834c801d37bb8d5217e87bf 500 - 4.825 ms Mozilla/5.0 (Macintosh; Intel Mac OS X 10_15_7) AppleWebKit/605.1.15 (KHTML, like Gecko) Version/18.5 Safari/605.1.15
[2025-07-21 03:54:25] Request: ::1 POST /coupons 404 - 6.713 ms Mozilla/5.0 (Macintosh; Intel Mac OS X 10_15_7) AppleWebKit/605.1.15 (KHTML, like Gecko) Version/18.5 Safari/605.1.15
[2025-07-21 03:57:54] Request: ::1 POST /coupons 404 - 11.213 ms Mozilla/5.0 (Macintosh; Intel Mac OS X 10_15_7) AppleWebKit/605.1.15 (KHTML, like Gecko) Version/18.5 Safari/605.1.15
[2025-07-21 04:59:58] Request: ::1 POST /coupons 404 - 13.356 ms Mozilla/5.0 (Macintosh; Intel Mac OS X 10_15_7) AppleWebKit/605.1.15 (KHTML, like Gecko) Version/18.5 Safari/605.1.15
[2025-07-21 05:00:23] Request: ::1 POST /coupons 404 - 21.143 ms Mozilla/5.0 (Macintosh; Intel Mac OS X 10_15_7) AppleWebKit/605.1.15 (KHTML, like Gecko) Version/18.5 Safari/605.1.15
[2025-07-21 05:04:00] Request: ::1 POST /coupons 404 - 17.067 ms Mozilla/5.0 (Macintosh; Intel Mac OS X 10_15_7) AppleWebKit/605.1.15 (KHTML, like Gecko) Version/18.5 Safari/605.1.15